{"__type":"$$EventMessageWorkflow","id":"d3180e54-5cd1-4dc1-9ecf-f293cdbbdce2","ts":"2025-12-02T15:40:07.377+00:00","eventName":"n8n.workflow.started","message":"n8n.workflow.started","payload":{"executionId":"902","workflowId":"9mT4gmUpYQB9rgM6","isManual":false,"workflowName":"Data Collector"}}
{"__type":"$$EventMessageConfirm","confirm":"d3180e54-5cd1-4dc1-9ecf-f293cdbbdce2","ts":"2025-12-02T15:40:07.378+00:00","source":{"id":"0","name":"eventBus"}}
{"__type":"$$EventMessageNode","id":"41fe25e2-f20d-45b9-9c71-98f4faf720f8","ts":"2025-12-02T15:40:07.379+00:00","eventName":"n8n.node.started","message":"n8n.node.started","payload":{"workflowId":"9mT4gmUpYQB9rgM6","workflowName":"Data Collector","executionId":"902","nodeType":"n8n-nodes-base.scheduleTrigger","nodeName":"Schedule Trigger","nodeId":"73f91172-bc1a-41a9-8f04-a4f5fbe52f43"}}
{"__type":"$$EventMessageConfirm","confirm":"41fe25e2-f20d-45b9-9c71-98f4faf720f8","ts":"2025-12-02T15:40:07.380+00:00","source":{"id":"0","name":"eventBus"}}
{"__type":"$$EventMessageNode","id":"5a8ebff6-c5e8-495a-8467-386d75b41fd9","ts":"2025-12-02T15:40:07.387+00:00","eventName":"n8n.node.finished","message":"n8n.node.finished","payload":{"workflowId":"9mT4gmUpYQB9rgM6","workflowName":"Data Collector","executionId":"902","nodeType":"n8n-nodes-base.scheduleTrigger","nodeName":"Schedule Trigger","nodeId":"73f91172-bc1a-41a9-8f04-a4f5fbe52f43"}}
{"__type":"$$EventMessageConfirm","confirm":"5a8ebff6-c5e8-495a-8467-386d75b41fd9","ts":"2025-12-02T15:40:07.388+00:00","source":{"id":"0","name":"eventBus"}}
{"__type":"$$EventMessageNode","id":"ded00745-20f8-49cb-9b8b-20e149673b36","ts":"2025-12-02T15:40:07.388+00:00","eventName":"n8n.node.started","message":"n8n.node.started","payload":{"workflowId":"9mT4gmUpYQB9rgM6","workflowName":"Data Collector","executionId":"902","nodeType":"n8n-nodes-base.httpRequest","nodeName":"Binance 15m","nodeId":"b09ea92e-1098-445c-81c5-6c964e2ae102"}}
{"__type":"$$EventMessageConfirm","confirm":"ded00745-20f8-49cb-9b8b-20e149673b36","ts":"2025-12-02T15:40:07.388+00:00","source":{"id":"0","name":"eventBus"}}
{"__type":"$$EventMessageNode","id":"c2eac497-4ba9-431d-8c94-15821de1ab1c","ts":"2025-12-02T15:40:08.557+00:00","eventName":"n8n.node.finished","message":"n8n.node.finished","payload":{"workflowId":"9mT4gmUpYQB9rgM6","workflowName":"Data Collector","executionId":"902","nodeType":"n8n-nodes-base.httpRequest","nodeName":"Binance 15m","nodeId":"b09ea92e-1098-445c-81c5-6c964e2ae102"}}
{"__type":"$$EventMessageConfirm","confirm":"c2eac497-4ba9-431d-8c94-15821de1ab1c","ts":"2025-12-02T15:40:08.557+00:00","source":{"id":"0","name":"eventBus"}}
{"__type":"$$EventMessageNode","id":"ac08be0a-862f-43f6-991f-d6561fa8328d","ts":"2025-12-02T15:40:08.558+00:00","eventName":"n8n.node.started","message":"n8n.node.started","payload":{"workflowId":"9mT4gmUpYQB9rgM6","workflowName":"Data Collector","executionId":"902","nodeType":"n8n-nodes-base.code","nodeName":"Format 15m","nodeId":"625eb07d-e83d-40c7-b2fc-046bb9b271ec"}}
{"__type":"$$EventMessageConfirm","confirm":"ac08be0a-862f-43f6-991f-d6561fa8328d","ts":"2025-12-02T15:40:08.558+00:00","source":{"id":"0","name":"eventBus"}}
{"__type":"$$EventMessageNode","id":"93e452d7-b294-46b7-8a75-c5ac14099a0c","ts":"2025-12-02T10:40:08.582-05:00","eventName":"n8n.node.finished","message":"n8n.node.finished","payload":{"workflowId":"9mT4gmUpYQB9rgM6","workflowName":"Data Collector","executionId":"902","nodeType":"n8n-nodes-base.code","nodeName":"Format 15m","nodeId":"625eb07d-e83d-40c7-b2fc-046bb9b271ec"}}
{"__type":"$$EventMessageConfirm","confirm":"93e452d7-b294-46b7-8a75-c5ac14099a0c","ts":"2025-12-02T10:40:08.582-05:00","source":{"id":"0","name":"eventBus"}}
{"__type":"$$EventMessageNode","id":"d04368f4-d15f-4cb3-894e-5d501712fbe0","ts":"2025-12-02T10:40:08.583-05:00","eventName":"n8n.node.started","message":"n8n.node.started","payload":{"workflowId":"9mT4gmUpYQB9rgM6","workflowName":"Data Collector","executionId":"902","nodeType":"n8n-nodes-base.postgres","nodeName":"Postgres 15m","nodeId":"da99bc2f-a065-4e78-aa73-118ba1b4ad7f"}}
{"__type":"$$EventMessageConfirm","confirm":"d04368f4-d15f-4cb3-894e-5d501712fbe0","ts":"2025-12-02T10:40:08.583-05:00","source":{"id":"0","name":"eventBus"}}
{"__type":"$$EventMessageNode","id":"dd763735-28cf-45ac-8151-79baef015c7f","ts":"2025-12-02T10:40:08.678-05:00","eventName":"n8n.node.finished","message":"n8n.node.finished","payload":{"workflowId":"9mT4gmUpYQB9rgM6","workflowName":"Data Collector","executionId":"902","nodeType":"n8n-nodes-base.postgres","nodeName":"Postgres 15m","nodeId":"da99bc2f-a065-4e78-aa73-118ba1b4ad7f"}}
{"__type":"$$EventMessageConfirm","confirm":"dd763735-28cf-45ac-8151-79baef015c7f","ts":"2025-12-02T10:40:08.678-05:00","source":{"id":"0","name":"eventBus"}}
{"__type":"$$EventMessageNode","id":"a6f937d9-9d5a-4cad-9f53-9c34cb93c078","ts":"2025-12-02T10:40:08.678-05:00","eventName":"n8n.node.started","message":"n8n.node.started","payload":{"workflowId":"9mT4gmUpYQB9rgM6","workflowName":"Data Collector","executionId":"902","nodeType":"n8n-nodes-base.httpRequest","nodeName":"Binance 1h","nodeId":"8bec9cda-be5d-4eab-a4e0-bc2e617164cb"}}
{"__type":"$$EventMessageConfirm","confirm":"a6f937d9-9d5a-4cad-9f53-9c34cb93c078","ts":"2025-12-02T10:40:08.678-05:00","source":{"id":"0","name":"eventBus"}}
{"__type":"$$EventMessageNode","id":"d7902801-a165-4dd6-af37-7245fde43541","ts":"2025-12-02T10:40:09.793-05:00","eventName":"n8n.node.finished","message":"n8n.node.finished","payload":{"workflowId":"9mT4gmUpYQB9rgM6","workflowName":"Data Collector","executionId":"902","nodeType":"n8n-nodes-base.httpRequest","nodeName":"Binance 1h","nodeId":"8bec9cda-be5d-4eab-a4e0-bc2e617164cb"}}
{"__type":"$$EventMessageConfirm","confirm":"d7902801-a165-4dd6-af37-7245fde43541","ts":"2025-12-02T10:40:09.794-05:00","source":{"id":"0","name":"eventBus"}}
{"__type":"$$EventMessageNode","id":"641744ef-66bd-462a-a569-15eed4c92856","ts":"2025-12-02T10:40:09.795-05:00","eventName":"n8n.node.started","message":"n8n.node.started","payload":{"workflowId":"9mT4gmUpYQB9rgM6","workflowName":"Data Collector","executionId":"902","nodeType":"n8n-nodes-base.code","nodeName":"Format 1h","nodeId":"1c4d23bf-3588-4bbc-9acf-7e4a9a80e11a"}}
{"__type":"$$EventMessageConfirm","confirm":"641744ef-66bd-462a-a569-15eed4c92856","ts":"2025-12-02T10:40:09.795-05:00","source":{"id":"0","name":"eventBus"}}
{"__type":"$$EventMessageNode","id":"cdff8c91-4011-4fc8-b572-8015066cbf62","ts":"2025-12-02T10:40:09.805-05:00","eventName":"n8n.node.finished","message":"n8n.node.finished","payload":{"workflowId":"9mT4gmUpYQB9rgM6","workflowName":"Data Collector","executionId":"902","nodeType":"n8n-nodes-base.code","nodeName":"Format 1h","nodeId":"1c4d23bf-3588-4bbc-9acf-7e4a9a80e11a"}}
{"__type":"$$EventMessageConfirm","confirm":"cdff8c91-4011-4fc8-b572-8015066cbf62","ts":"2025-12-02T10:40:09.805-05:00","source":{"id":"0","name":"eventBus"}}
{"__type":"$$EventMessageNode","id":"7449f927-23c0-4348-ab65-8a76cb5d37cc","ts":"2025-12-02T10:40:09.806-05:00","eventName":"n8n.node.started","message":"n8n.node.started","payload":{"workflowId":"9mT4gmUpYQB9rgM6","workflowName":"Data Collector","executionId":"902","nodeType":"n8n-nodes-base.postgres","nodeName":"Postgres 1h","nodeId":"f2bc066b-46a2-45b2-95eb-7a50e8d99543"}}
{"__type":"$$EventMessageConfirm","confirm":"7449f927-23c0-4348-ab65-8a76cb5d37cc","ts":"2025-12-02T10:40:09.806-05:00","source":{"id":"0","name":"eventBus"}}
{"__type":"$$EventMessageNode","id":"bf6e1004-5cf5-4b76-a77e-eed56acd1386","ts":"2025-12-02T10:40:09.824-05:00","eventName":"n8n.node.finished","message":"n8n.node.finished","payload":{"workflowId":"9mT4gmUpYQB9rgM6","workflowName":"Data Collector","executionId":"902","nodeType":"n8n-nodes-base.postgres","nodeName":"Postgres 1h","nodeId":"f2bc066b-46a2-45b2-95eb-7a50e8d99543"}}
{"__type":"$$EventMessageConfirm","confirm":"bf6e1004-5cf5-4b76-a77e-eed56acd1386","ts":"2025-12-02T10:40:09.824-05:00","source":{"id":"0","name":"eventBus"}}
{"__type":"$$EventMessageNode","id":"aa62ce49-273e-4faf-865c-a022d7af2fdb","ts":"2025-12-02T10:40:09.825-05:00","eventName":"n8n.node.started","message":"n8n.node.started","payload":{"workflowId":"9mT4gmUpYQB9rgM6","workflowName":"Data Collector","executionId":"902","nodeType":"n8n-nodes-base.httpRequest","nodeName":"Binance 4h","nodeId":"95a6a5da-8f8b-4b58-8dab-44ec8b98308a"}}
{"__type":"$$EventMessageConfirm","confirm":"aa62ce49-273e-4faf-865c-a022d7af2fdb","ts":"2025-12-02T10:40:09.825-05:00","source":{"id":"0","name":"eventBus"}}
{"__type":"$$EventMessageNode","id":"c2b3a6a6-d99b-450d-857e-7285220d250a","ts":"2025-12-02T10:40:10.927-05:00","eventName":"n8n.node.finished","message":"n8n.node.finished","payload":{"workflowId":"9mT4gmUpYQB9rgM6","workflowName":"Data Collector","executionId":"902","nodeType":"n8n-nodes-base.httpRequest","nodeName":"Binance 4h","nodeId":"95a6a5da-8f8b-4b58-8dab-44ec8b98308a"}}
{"__type":"$$EventMessageConfirm","confirm":"c2b3a6a6-d99b-450d-857e-7285220d250a","ts":"2025-12-02T10:40:10.928-05:00","source":{"id":"0","name":"eventBus"}}
{"__type":"$$EventMessageNode","id":"a082504e-1e73-4f20-af6b-1beca3a03c99","ts":"2025-12-02T10:40:10.930-05:00","eventName":"n8n.node.started","message":"n8n.node.started","payload":{"workflowId":"9mT4gmUpYQB9rgM6","workflowName":"Data Collector","executionId":"902","nodeType":"n8n-nodes-base.code","nodeName":"Format 4h","nodeId":"69fdcb77-35f6-4aa0-a799-d5069dd89cc4"}}
{"__type":"$$EventMessageConfirm","confirm":"a082504e-1e73-4f20-af6b-1beca3a03c99","ts":"2025-12-02T10:40:10.930-05:00","source":{"id":"0","name":"eventBus"}}
{"__type":"$$EventMessageNode","id":"c19676de-dc03-424a-8c25-c20d1948f809","ts":"2025-12-02T10:40:10.939-05:00","eventName":"n8n.node.finished","message":"n8n.node.finished","payload":{"workflowId":"9mT4gmUpYQB9rgM6","workflowName":"Data Collector","executionId":"902","nodeType":"n8n-nodes-base.code","nodeName":"Format 4h","nodeId":"69fdcb77-35f6-4aa0-a799-d5069dd89cc4"}}
{"__type":"$$EventMessageConfirm","confirm":"c19676de-dc03-424a-8c25-c20d1948f809","ts":"2025-12-02T10:40:10.939-05:00","source":{"id":"0","name":"eventBus"}}
{"__type":"$$EventMessageNode","id":"372c745f-58ae-4b68-a11c-82da03a85d4c","ts":"2025-12-02T10:40:10.940-05:00","eventName":"n8n.node.started","message":"n8n.node.started","payload":{"workflowId":"9mT4gmUpYQB9rgM6","workflowName":"Data Collector","executionId":"902","nodeType":"n8n-nodes-base.postgres","nodeName":"Postgres 4h","nodeId":"93addf01-4665-4e26-9e5a-e44e7b07e763"}}
{"__type":"$$EventMessageConfirm","confirm":"372c745f-58ae-4b68-a11c-82da03a85d4c","ts":"2025-12-02T10:40:10.940-05:00","source":{"id":"0","name":"eventBus"}}
{"__type":"$$EventMessageNode","id":"6c5e2444-8f22-4295-bba0-3476a3e9d32e","ts":"2025-12-02T10:40:10.955-05:00","eventName":"n8n.node.finished","message":"n8n.node.finished","payload":{"workflowId":"9mT4gmUpYQB9rgM6","workflowName":"Data Collector","executionId":"902","nodeType":"n8n-nodes-base.postgres","nodeName":"Postgres 4h","nodeId":"93addf01-4665-4e26-9e5a-e44e7b07e763"}}
{"__type":"$$EventMessageConfirm","confirm":"6c5e2444-8f22-4295-bba0-3476a3e9d32e","ts":"2025-12-02T10:40:10.955-05:00","source":{"id":"0","name":"eventBus"}}
{"__type":"$$EventMessageNode","id":"391a8043-f803-426e-b706-620f16c10df3","ts":"2025-12-02T10:40:10.956-05:00","eventName":"n8n.node.started","message":"n8n.node.started","payload":{"workflowId":"9mT4gmUpYQB9rgM6","workflowName":"Data Collector","executionId":"902","nodeType":"n8n-nodes-base.httpRequest","nodeName":"Binance 1D","nodeId":"0b1eb67d-a44b-4b3e-a756-911bb8746306"}}
{"__type":"$$EventMessageConfirm","confirm":"391a8043-f803-426e-b706-620f16c10df3","ts":"2025-12-02T10:40:10.956-05:00","source":{"id":"0","name":"eventBus"}}
{"__type":"$$EventMessageNode","id":"afd57e82-ffa0-4186-8ccd-8eb8b062d6fb","ts":"2025-12-02T10:40:12.216-05:00","eventName":"n8n.node.finished","message":"n8n.node.finished","payload":{"workflowId":"9mT4gmUpYQB9rgM6","workflowName":"Data Collector","executionId":"902","nodeType":"n8n-nodes-base.httpRequest","nodeName":"Binance 1D","nodeId":"0b1eb67d-a44b-4b3e-a756-911bb8746306"}}
{"__type":"$$EventMessageConfirm","confirm":"afd57e82-ffa0-4186-8ccd-8eb8b062d6fb","ts":"2025-12-02T10:40:12.216-05:00","source":{"id":"0","name":"eventBus"}}
{"__type":"$$EventMessageNode","id":"b6c39dc2-9e19-4726-b89f-3b01405690b5","ts":"2025-12-02T10:40:12.217-05:00","eventName":"n8n.node.started","message":"n8n.node.started","payload":{"workflowId":"9mT4gmUpYQB9rgM6","workflowName":"Data Collector","executionId":"902","nodeType":"n8n-nodes-base.code","nodeName":"Format 1D","nodeId":"8e99993d-3d6b-441e-8c25-bb7b3d7391fa"}}
{"__type":"$$EventMessageConfirm","confirm":"b6c39dc2-9e19-4726-b89f-3b01405690b5","ts":"2025-12-02T10:40:12.217-05:00","source":{"id":"0","name":"eventBus"}}
{"__type":"$$EventMessageNode","id":"21ee6a65-cb8b-48c5-b48c-49d52aea7d69","ts":"2025-12-02T10:40:12.227-05:00","eventName":"n8n.node.finished","message":"n8n.node.finished","payload":{"workflowId":"9mT4gmUpYQB9rgM6","workflowName":"Data Collector","executionId":"902","nodeType":"n8n-nodes-base.code","nodeName":"Format 1D","nodeId":"8e99993d-3d6b-441e-8c25-bb7b3d7391fa"}}
{"__type":"$$EventMessageConfirm","confirm":"21ee6a65-cb8b-48c5-b48c-49d52aea7d69","ts":"2025-12-02T10:40:12.227-05:00","source":{"id":"0","name":"eventBus"}}
{"__type":"$$EventMessageNode","id":"a6366b44-e978-4d69-88d6-924f03a597f3","ts":"2025-12-02T10:40:12.228-05:00","eventName":"n8n.node.started","message":"n8n.node.started","payload":{"workflowId":"9mT4gmUpYQB9rgM6","workflowName":"Data Collector","executionId":"902","nodeType":"n8n-nodes-base.postgres","nodeName":"Insert or update rows in a table","nodeId":"d10764f2-3370-4d43-b5af-6f4f45f02235"}}
{"__type":"$$EventMessageConfirm","confirm":"a6366b44-e978-4d69-88d6-924f03a597f3","ts":"2025-12-02T10:40:12.228-05:00","source":{"id":"0","name":"eventBus"}}
{"__type":"$$EventMessageNode","id":"220a4501-8392-4bae-88b0-8bb2c32c425d","ts":"2025-12-02T10:40:12.243-05:00","eventName":"n8n.node.finished","message":"n8n.node.finished","payload":{"workflowId":"9mT4gmUpYQB9rgM6","workflowName":"Data Collector","executionId":"902","nodeType":"n8n-nodes-base.postgres","nodeName":"Insert or update rows in a table","nodeId":"d10764f2-3370-4d43-b5af-6f4f45f02235"}}
{"__type":"$$EventMessageConfirm","confirm":"220a4501-8392-4bae-88b0-8bb2c32c425d","ts":"2025-12-02T10:40:12.243-05:00","source":{"id":"0","name":"eventBus"}}
{"__type":"$$EventMessageNode","id":"a869f713-5010-4bac-bcfc-c1eb44c484c7","ts":"2025-12-02T10:40:12.244-05:00","eventName":"n8n.node.started","message":"n8n.node.started","payload":{"workflowId":"9mT4gmUpYQB9rgM6","workflowName":"Data Collector","executionId":"902","nodeType":"n8n-nodes-base.httpRequest","nodeName":"Fear & Greed","nodeId":"d47426aa-a694-488c-8307-f42a92d06848"}}
{"__type":"$$EventMessageConfirm","confirm":"a869f713-5010-4bac-bcfc-c1eb44c484c7","ts":"2025-12-02T10:40:12.244-05:00","source":{"id":"0","name":"eventBus"}}
{"__type":"$$EventMessageNode","id":"11c77c14-1858-4204-8a6e-f81bf441d36c","ts":"2025-12-02T10:40:12.932-05:00","eventName":"n8n.node.finished","message":"n8n.node.finished","payload":{"workflowId":"9mT4gmUpYQB9rgM6","workflowName":"Data Collector","executionId":"902","nodeType":"n8n-nodes-base.httpRequest","nodeName":"Fear & Greed","nodeId":"d47426aa-a694-488c-8307-f42a92d06848"}}
{"__type":"$$EventMessageConfirm","confirm":"11c77c14-1858-4204-8a6e-f81bf441d36c","ts":"2025-12-02T10:40:12.932-05:00","source":{"id":"0","name":"eventBus"}}
{"__type":"$$EventMessageNode","id":"e439b9a3-1efc-4557-952b-083b3c204e7e","ts":"2025-12-02T10:40:12.933-05:00","eventName":"n8n.node.started","message":"n8n.node.started","payload":{"workflowId":"9mT4gmUpYQB9rgM6","workflowName":"Data Collector","executionId":"902","nodeType":"n8n-nodes-base.httpRequest","nodeName":"Funding Rate","nodeId":"9611f82d-845b-4aa8-a032-f61640547f25"}}
{"__type":"$$EventMessageConfirm","confirm":"e439b9a3-1efc-4557-952b-083b3c204e7e","ts":"2025-12-02T10:40:12.933-05:00","source":{"id":"0","name":"eventBus"}}
{"__type":"$$EventMessageNode","id":"e37d68e0-4543-43e3-9907-be6f74a4279c","ts":"2025-12-02T10:40:14.509-05:00","eventName":"n8n.node.finished","message":"n8n.node.finished","payload":{"workflowId":"9mT4gmUpYQB9rgM6","workflowName":"Data Collector","executionId":"902","nodeType":"n8n-nodes-base.httpRequest","nodeName":"Funding Rate","nodeId":"9611f82d-845b-4aa8-a032-f61640547f25"}}
{"__type":"$$EventMessageConfirm","confirm":"e37d68e0-4543-43e3-9907-be6f74a4279c","ts":"2025-12-02T10:40:14.509-05:00","source":{"id":"0","name":"eventBus"}}
{"__type":"$$EventMessageNode","id":"af6eb180-14b8-49b2-8f1d-494e3b589d12","ts":"2025-12-02T10:40:14.509-05:00","eventName":"n8n.node.started","message":"n8n.node.started","payload":{"workflowId":"9mT4gmUpYQB9rgM6","workflowName":"Data Collector","executionId":"902","nodeType":"n8n-nodes-base.httpRequest","nodeName":"Long/Short Ratio","nodeId":"9986fcbf-9dce-4ffe-b6b9-d05de6d7adbb"}}
{"__type":"$$EventMessageConfirm","confirm":"af6eb180-14b8-49b2-8f1d-494e3b589d12","ts":"2025-12-02T10:40:14.509-05:00","source":{"id":"0","name":"eventBus"}}
{"__type":"$$EventMessageNode","id":"74f41a26-fd49-495d-8213-d5070c5300e6","ts":"2025-12-02T10:40:15.651-05:00","eventName":"n8n.node.finished","message":"n8n.node.finished","payload":{"workflowId":"9mT4gmUpYQB9rgM6","workflowName":"Data Collector","executionId":"902","nodeType":"n8n-nodes-base.httpRequest","nodeName":"Long/Short Ratio","nodeId":"9986fcbf-9dce-4ffe-b6b9-d05de6d7adbb"}}
{"__type":"$$EventMessageConfirm","confirm":"74f41a26-fd49-495d-8213-d5070c5300e6","ts":"2025-12-02T10:40:15.651-05:00","source":{"id":"0","name":"eventBus"}}
{"__type":"$$EventMessageNode","id":"f2f48819-3e24-4178-8a4f-26dacda46544","ts":"2025-12-02T10:40:15.651-05:00","eventName":"n8n.node.started","message":"n8n.node.started","payload":{"workflowId":"9mT4gmUpYQB9rgM6","workflowName":"Data Collector","executionId":"902","nodeType":"n8n-nodes-base.httpRequest","nodeName":"Open Interest","nodeId":"0e57a17a-3b1c-4e01-8d56-e75aaa07a704"}}
{"__type":"$$EventMessageConfirm","confirm":"f2f48819-3e24-4178-8a4f-26dacda46544","ts":"2025-12-02T10:40:15.651-05:00","source":{"id":"0","name":"eventBus"}}
{"__type":"$$EventMessageNode","id":"83097bb3-222d-4d9d-bf49-a6385dd4dc74","ts":"2025-12-02T10:40:16.882-05:00","eventName":"n8n.node.finished","message":"n8n.node.finished","payload":{"workflowId":"9mT4gmUpYQB9rgM6","workflowName":"Data Collector","executionId":"902","nodeType":"n8n-nodes-base.httpRequest","nodeName":"Open Interest","nodeId":"0e57a17a-3b1c-4e01-8d56-e75aaa07a704"}}
{"__type":"$$EventMessageConfirm","confirm":"83097bb3-222d-4d9d-bf49-a6385dd4dc74","ts":"2025-12-02T10:40:16.883-05:00","source":{"id":"0","name":"eventBus"}}
{"__type":"$$EventMessageNode","id":"8596c36e-39de-4b7c-be74-ca6c0a010283","ts":"2025-12-02T10:40:16.884-05:00","eventName":"n8n.node.started","message":"n8n.node.started","payload":{"workflowId":"9mT4gmUpYQB9rgM6","workflowName":"Data Collector","executionId":"902","nodeType":"n8n-nodes-base.merge","nodeName":"Merge","nodeId":"83a3737f-42bc-4f12-9a88-54ee401fb00d"}}
{"__type":"$$EventMessageConfirm","confirm":"8596c36e-39de-4b7c-be74-ca6c0a010283","ts":"2025-12-02T10:40:16.885-05:00","source":{"id":"0","name":"eventBus"}}
{"__type":"$$EventMessageNode","id":"4e56846f-d175-4556-b854-55177f0ead57","ts":"2025-12-02T10:40:16.908-05:00","eventName":"n8n.node.finished","message":"n8n.node.finished","payload":{"workflowId":"9mT4gmUpYQB9rgM6","workflowName":"Data Collector","executionId":"902","nodeType":"n8n-nodes-base.merge","nodeName":"Merge","nodeId":"83a3737f-42bc-4f12-9a88-54ee401fb00d"}}
{"__type":"$$EventMessageConfirm","confirm":"4e56846f-d175-4556-b854-55177f0ead57","ts":"2025-12-02T10:40:16.908-05:00","source":{"id":"0","name":"eventBus"}}
{"__type":"$$EventMessageNode","id":"848e2f0c-8d4c-4075-8e26-0d3a55a9e094","ts":"2025-12-02T10:40:16.908-05:00","eventName":"n8n.node.started","message":"n8n.node.started","payload":{"workflowId":"9mT4gmUpYQB9rgM6","workflowName":"Data Collector","executionId":"902","nodeType":"n8n-nodes-base.code","nodeName":"Merge Sentiment","nodeId":"379ff3e8-f900-4039-a43d-2d17b74e58c6"}}
{"__type":"$$EventMessageConfirm","confirm":"848e2f0c-8d4c-4075-8e26-0d3a55a9e094","ts":"2025-12-02T10:40:16.908-05:00","source":{"id":"0","name":"eventBus"}}
{"__type":"$$EventMessageNode","id":"b523a9cf-1d11-4d49-a882-54d140375c35","ts":"2025-12-02T10:40:16.914-05:00","eventName":"n8n.node.finished","message":"n8n.node.finished","payload":{"workflowId":"9mT4gmUpYQB9rgM6","workflowName":"Data Collector","executionId":"902","nodeType":"n8n-nodes-base.code","nodeName":"Merge Sentiment","nodeId":"379ff3e8-f900-4039-a43d-2d17b74e58c6"}}
{"__type":"$$EventMessageConfirm","confirm":"b523a9cf-1d11-4d49-a882-54d140375c35","ts":"2025-12-02T10:40:16.915-05:00","source":{"id":"0","name":"eventBus"}}
{"__type":"$$EventMessageNode","id":"4e9cf2cd-1a45-4a50-993c-9bd7577b5e97","ts":"2025-12-02T10:40:16.915-05:00","eventName":"n8n.node.started","message":"n8n.node.started","payload":{"workflowId":"9mT4gmUpYQB9rgM6","workflowName":"Data Collector","executionId":"902","nodeType":"n8n-nodes-base.postgres","nodeName":"Postgres Sentiment","nodeId":"5d1a9c2b-416f-4b1a-b788-fe6bcb470c47"}}
{"__type":"$$EventMessageConfirm","confirm":"4e9cf2cd-1a45-4a50-993c-9bd7577b5e97","ts":"2025-12-02T10:40:16.915-05:00","source":{"id":"0","name":"eventBus"}}
{"__type":"$$EventMessageNode","id":"fd45073d-8d09-49bf-ad8e-02963c1ab062","ts":"2025-12-02T10:40:16.938-05:00","eventName":"n8n.node.finished","message":"n8n.node.finished","payload":{"workflowId":"9mT4gmUpYQB9rgM6","workflowName":"Data Collector","executionId":"902","nodeType":"n8n-nodes-base.postgres","nodeName":"Postgres Sentiment","nodeId":"5d1a9c2b-416f-4b1a-b788-fe6bcb470c47"}}
{"__type":"$$EventMessageConfirm","confirm":"fd45073d-8d09-49bf-ad8e-02963c1ab062","ts":"2025-12-02T10:40:16.938-05:00","source":{"id":"0","name":"eventBus"}}
{"__type":"$$EventMessageNode","id":"1c928621-d334-49e1-97dc-71b2dd1ecf26","ts":"2025-12-02T10:40:16.938-05:00","eventName":"n8n.node.started","message":"n8n.node.started","payload":{"workflowId":"9mT4gmUpYQB9rgM6","workflowName":"Data Collector","executionId":"902","nodeType":"n8n-nodes-base.merge","nodeName":"Merge1","nodeId":"84f31ee6-c47b-4f98-ba01-15d315557044"}}
{"__type":"$$EventMessageConfirm","confirm":"1c928621-d334-49e1-97dc-71b2dd1ecf26","ts":"2025-12-02T10:40:16.938-05:00","source":{"id":"0","name":"eventBus"}}
{"__type":"$$EventMessageNode","id":"25bec4fa-e420-4dfd-98ae-515a34813b4f","ts":"2025-12-02T10:40:16.939-05:00","eventName":"n8n.node.finished","message":"n8n.node.finished","payload":{"workflowId":"9mT4gmUpYQB9rgM6","workflowName":"Data Collector","executionId":"902","nodeType":"n8n-nodes-base.merge","nodeName":"Merge1","nodeId":"84f31ee6-c47b-4f98-ba01-15d315557044"}}
{"__type":"$$EventMessageConfirm","confirm":"25bec4fa-e420-4dfd-98ae-515a34813b4f","ts":"2025-12-02T10:40:16.939-05:00","source":{"id":"0","name":"eventBus"}}
{"__type":"$$EventMessageNode","id":"da763012-16eb-4ea0-8af7-0c0cb5109c31","ts":"2025-12-02T10:40:16.939-05:00","eventName":"n8n.node.started","message":"n8n.node.started","payload":{"workflowId":"9mT4gmUpYQB9rgM6","workflowName":"Data Collector","executionId":"902","nodeType":"n8n-nodes-base.executeWorkflow","nodeName":"Call 'Analysis Runner'","nodeId":"92405cb4-39f2-4104-8551-e99898593b50"}}
{"__type":"$$EventMessageConfirm","confirm":"da763012-16eb-4ea0-8af7-0c0cb5109c31","ts":"2025-12-02T10:40:16.939-05:00","source":{"id":"0","name":"eventBus"}}
{"__type":"$$EventMessageWorkflow","id":"2161e7f3-f11d-4a36-b297-aadf74854f07","ts":"2025-12-02T10:40:16.991-05:00","eventName":"n8n.workflow.started","message":"n8n.workflow.started","payload":{"executionId":"903","workflowId":"DPJCy9AU51B8EmOF","isManual":false,"workflowName":"Analysis Runner"}}
{"__type":"$$EventMessageConfirm","confirm":"2161e7f3-f11d-4a36-b297-aadf74854f07","ts":"2025-12-02T10:40:16.991-05:00","source":{"id":"0","name":"eventBus"}}
{"__type":"$$EventMessageNode","id":"4044357c-7bec-41b8-8f85-4996622667ee","ts":"2025-12-02T10:40:16.991-05:00","eventName":"n8n.node.started","message":"n8n.node.started","payload":{"workflowId":"DPJCy9AU51B8EmOF","workflowName":"Analysis Runner","executionId":"903","nodeType":"n8n-nodes-base.executeWorkflowTrigger","nodeName":"When Executed by Another Workflow","nodeId":"d03395b8-7b5f-4bfa-9e0b-e99eda6ef776"}}
{"__type":"$$EventMessageConfirm","confirm":"4044357c-7bec-41b8-8f85-4996622667ee","ts":"2025-12-02T10:40:16.991-05:00","source":{"id":"0","name":"eventBus"}}
{"__type":"$$EventMessageNode","id":"d016342c-5b7c-49d7-ae37-dbfb984ee63a","ts":"2025-12-02T10:40:16.991-05:00","eventName":"n8n.node.finished","message":"n8n.node.finished","payload":{"workflowId":"DPJCy9AU51B8EmOF","workflowName":"Analysis Runner","executionId":"903","nodeType":"n8n-nodes-base.executeWorkflowTrigger","nodeName":"When Executed by Another Workflow","nodeId":"d03395b8-7b5f-4bfa-9e0b-e99eda6ef776"}}
{"__type":"$$EventMessageConfirm","confirm":"d016342c-5b7c-49d7-ae37-dbfb984ee63a","ts":"2025-12-02T10:40:16.991-05:00","source":{"id":"0","name":"eventBus"}}
{"__type":"$$EventMessageNode","id":"1e32f993-261c-4f51-84fb-1c1f9141d496","ts":"2025-12-02T10:40:16.991-05:00","eventName":"n8n.node.started","message":"n8n.node.started","payload":{"workflowId":"DPJCy9AU51B8EmOF","workflowName":"Analysis Runner","executionId":"903","nodeType":"n8n-nodes-base.httpRequest","nodeName":"HTTP Request","nodeId":"8b8129e0-3d4f-46cf-a2e1-8b6a9087a004"}}
{"__type":"$$EventMessageConfirm","confirm":"1e32f993-261c-4f51-84fb-1c1f9141d496","ts":"2025-12-02T10:40:16.992-05:00","source":{"id":"0","name":"eventBus"}}
{"__type":"$$EventMessageNode","id":"a1708c34-997f-4d8f-ae0d-04df16cc8585","ts":"2025-12-02T10:40:21.087-05:00","eventName":"n8n.node.finished","message":"n8n.node.finished","payload":{"workflowId":"DPJCy9AU51B8EmOF","workflowName":"Analysis Runner","executionId":"903","nodeType":"n8n-nodes-base.httpRequest","nodeName":"HTTP Request","nodeId":"8b8129e0-3d4f-46cf-a2e1-8b6a9087a004"}}
{"__type":"$$EventMessageConfirm","confirm":"a1708c34-997f-4d8f-ae0d-04df16cc8585","ts":"2025-12-02T10:40:21.088-05:00","source":{"id":"0","name":"eventBus"}}
{"__type":"$$EventMessageNode","id":"c81a1670-4922-481f-84a9-4b76c49cbc15","ts":"2025-12-02T10:40:21.088-05:00","eventName":"n8n.node.started","message":"n8n.node.started","payload":{"workflowId":"DPJCy9AU51B8EmOF","workflowName":"Analysis Runner","executionId":"903","nodeType":"n8n-nodes-base.if","nodeName":"If","nodeId":"0a290df2-3fc3-4f32-a879-177bc6625340"}}
{"__type":"$$EventMessageConfirm","confirm":"c81a1670-4922-481f-84a9-4b76c49cbc15","ts":"2025-12-02T10:40:21.088-05:00","source":{"id":"0","name":"eventBus"}}
{"__type":"$$EventMessageNode","id":"dddf52cb-14bb-4cff-b8ef-810cf98a64da","ts":"2025-12-02T10:40:21.091-05:00","eventName":"n8n.node.finished","message":"n8n.node.finished","payload":{"workflowId":"DPJCy9AU51B8EmOF","workflowName":"Analysis Runner","executionId":"903","nodeType":"n8n-nodes-base.if","nodeName":"If","nodeId":"0a290df2-3fc3-4f32-a879-177bc6625340"}}
{"__type":"$$EventMessageConfirm","confirm":"dddf52cb-14bb-4cff-b8ef-810cf98a64da","ts":"2025-12-02T10:40:21.092-05:00","source":{"id":"0","name":"eventBus"}}
{"__type":"$$EventMessageNode","id":"2da034f1-b745-4a6b-8c8c-11fd35944792","ts":"2025-12-02T10:40:21.092-05:00","eventName":"n8n.node.started","message":"n8n.node.started","payload":{"workflowId":"DPJCy9AU51B8EmOF","workflowName":"Analysis Runner","executionId":"903","nodeType":"n8n-nodes-base.telegram","nodeName":"Send a text message","nodeId":"f4f66bed-e60c-4143-a2fe-f9a68af47e5b"}}
{"__type":"$$EventMessageConfirm","confirm":"2da034f1-b745-4a6b-8c8c-11fd35944792","ts":"2025-12-02T10:40:21.092-05:00","source":{"id":"0","name":"eventBus"}}
{"__type":"$$EventMessageNode","id":"8b8a9491-af71-4e0c-9d70-1980591ea3d2","ts":"2025-12-02T10:40:21.637-05:00","eventName":"n8n.node.finished","message":"n8n.node.finished","payload":{"workflowId":"DPJCy9AU51B8EmOF","workflowName":"Analysis Runner","executionId":"903","nodeType":"n8n-nodes-base.telegram","nodeName":"Send a text message","nodeId":"f4f66bed-e60c-4143-a2fe-f9a68af47e5b"}}
{"__type":"$$EventMessageConfirm","confirm":"8b8a9491-af71-4e0c-9d70-1980591ea3d2","ts":"2025-12-02T10:40:21.637-05:00","source":{"id":"0","name":"eventBus"}}
{"__type":"$$EventMessageWorkflow","id":"8a2f8250-f129-40a1-a094-50e01f354aee","ts":"2025-12-02T10:40:21.640-05:00","eventName":"n8n.workflow.success","message":"n8n.workflow.success","payload":{"userId":"f397d667-dafd-405c-b90b-3c28ec22eed5","executionId":"903","success":true,"isManual":false,"workflowId":"DPJCy9AU51B8EmOF","workflowName":"Analysis Runner"}}
{"__type":"$$EventMessageConfirm","confirm":"8a2f8250-f129-40a1-a094-50e01f354aee","ts":"2025-12-02T10:40:21.640-05:00","source":{"id":"0","name":"eventBus"}}
{"__type":"$$EventMessageNode","id":"49967431-7dea-4fdc-bf85-cdf69c9f3a1d","ts":"2025-12-02T10:40:21.671-05:00","eventName":"n8n.node.finished","message":"n8n.node.finished","payload":{"workflowId":"9mT4gmUpYQB9rgM6","workflowName":"Data Collector","executionId":"902","nodeType":"n8n-nodes-base.executeWorkflow","nodeName":"Call 'Analysis Runner'","nodeId":"92405cb4-39f2-4104-8551-e99898593b50"}}
{"__type":"$$EventMessageConfirm","confirm":"49967431-7dea-4fdc-bf85-cdf69c9f3a1d","ts":"2025-12-02T10:40:21.671-05:00","source":{"id":"0","name":"eventBus"}}
{"__type":"$$EventMessageWorkflow","id":"1350edb7-326e-41d4-8563-770e33241579","ts":"2025-12-02T10:40:21.677-05:00","eventName":"n8n.workflow.success","message":"n8n.workflow.success","payload":{"userId":"f397d667-dafd-405c-b90b-3c28ec22eed5","executionId":"902","success":true,"isManual":true,"workflowId":"9mT4gmUpYQB9rgM6","workflowName":"Data Collector"}}
{"__type":"$$EventMessageConfirm","confirm":"1350edb7-326e-41d4-8563-770e33241579","ts":"2025-12-02T10:40:21.677-05:00","source":{"id":"0","name":"eventBus"}}
{"__type":"$$EventMessageAudit","id":"b42ade66-1b80-4867-8dd6-84855e5b6699","ts":"2025-12-02T10:40:26.437-05:00","eventName":"n8n.audit.workflow.updated","message":"n8n.audit.workflow.updated","payload":{"userId":"f397d667-dafd-405c-b90b-3c28ec22eed5","_email":"artemvfr@gmail.com","_firstName":"Artem","_lastName":"Vdovin","globalRole":"global:owner","workflowId":"9mT4gmUpYQB9rgM6","workflowName":"Data Collector"}}
{"__type":"$$EventMessageConfirm","confirm":"b42ade66-1b80-4867-8dd6-84855e5b6699","ts":"2025-12-02T10:40:26.437-05:00","source":{"id":"0","name":"eventBus"}}
{"__type":"$$EventMessageAudit","id":"e3dfa73f-8f60-45f1-ae2b-713b08066290","ts":"2025-12-02T10:43:04.088-05:00","eventName":"n8n.audit.workflow.updated","message":"n8n.audit.workflow.updated","payload":{"userId":"f397d667-dafd-405c-b90b-3c28ec22eed5","_email":"artemvfr@gmail.com","_firstName":"Artem","_lastName":"Vdovin","globalRole":"global:owner","workflowId":"DPJCy9AU51B8EmOF","workflowName":"Analysis Runner"}}
{"__type":"$$EventMessageConfirm","confirm":"e3dfa73f-8f60-45f1-ae2b-713b08066290","ts":"2025-12-02T10:43:04.089-05:00","source":{"id":"0","name":"eventBus"}}
{"__type":"$$EventMessageWorkflow","id":"50d5611c-a355-4003-ab1e-d274da8799e7","ts":"2025-12-02T10:43:05.938-05:00","eventName":"n8n.workflow.started","message":"n8n.workflow.started","payload":{"executionId":"904","workflowId":"DPJCy9AU51B8EmOF","isManual":false,"workflowName":"Analysis Runner"}}
{"__type":"$$EventMessageConfirm","confirm":"50d5611c-a355-4003-ab1e-d274da8799e7","ts":"2025-12-02T10:43:05.938-05:00","source":{"id":"0","name":"eventBus"}}
{"__type":"$$EventMessageNode","id":"62e5dd1e-88c2-4777-8505-df4ddda20890","ts":"2025-12-02T10:43:05.939-05:00","eventName":"n8n.node.started","message":"n8n.node.started","payload":{"workflowId":"DPJCy9AU51B8EmOF","workflowName":"Analysis Runner","executionId":"904","nodeType":"n8n-nodes-base.executeWorkflowTrigger","nodeName":"When Executed by Another Workflow","nodeId":"d03395b8-7b5f-4bfa-9e0b-e99eda6ef776"}}
{"__type":"$$EventMessageConfirm","confirm":"62e5dd1e-88c2-4777-8505-df4ddda20890","ts":"2025-12-02T10:43:05.939-05:00","source":{"id":"0","name":"eventBus"}}
{"__type":"$$EventMessageNode","id":"5c91c464-03e8-4fcb-89be-f1053ffed9f3","ts":"2025-12-02T10:43:05.940-05:00","eventName":"n8n.node.finished","message":"n8n.node.finished","payload":{"workflowId":"DPJCy9AU51B8EmOF","workflowName":"Analysis Runner","executionId":"904","nodeType":"n8n-nodes-base.executeWorkflowTrigger","nodeName":"When Executed by Another Workflow","nodeId":"d03395b8-7b5f-4bfa-9e0b-e99eda6ef776"}}
{"__type":"$$EventMessageConfirm","confirm":"5c91c464-03e8-4fcb-89be-f1053ffed9f3","ts":"2025-12-02T10:43:05.940-05:00","source":{"id":"0","name":"eventBus"}}
{"__type":"$$EventMessageNode","id":"19bab514-a2d4-44e4-b8ed-e89503720cf3","ts":"2025-12-02T10:43:05.940-05:00","eventName":"n8n.node.started","message":"n8n.node.started","payload":{"workflowId":"DPJCy9AU51B8EmOF","workflowName":"Analysis Runner","executionId":"904","nodeType":"n8n-nodes-base.httpRequest","nodeName":"HTTP Request","nodeId":"8b8129e0-3d4f-46cf-a2e1-8b6a9087a004"}}
{"__type":"$$EventMessageConfirm","confirm":"19bab514-a2d4-44e4-b8ed-e89503720cf3","ts":"2025-12-02T10:43:05.940-05:00","source":{"id":"0","name":"eventBus"}}
{"__type":"$$EventMessageNode","id":"4d3db9ac-f574-4c25-8abf-43345890b4dc","ts":"2025-12-02T10:43:10.857-05:00","eventName":"n8n.node.finished","message":"n8n.node.finished","payload":{"workflowId":"DPJCy9AU51B8EmOF","workflowName":"Analysis Runner","executionId":"904","nodeType":"n8n-nodes-base.httpRequest","nodeName":"HTTP Request","nodeId":"8b8129e0-3d4f-46cf-a2e1-8b6a9087a004"}}
{"__type":"$$EventMessageConfirm","confirm":"4d3db9ac-f574-4c25-8abf-43345890b4dc","ts":"2025-12-02T10:43:10.857-05:00","source":{"id":"0","name":"eventBus"}}
{"__type":"$$EventMessageNode","id":"6a83a0b0-0667-40a4-bdc2-be5b02e42b0b","ts":"2025-12-02T10:43:10.858-05:00","eventName":"n8n.node.started","message":"n8n.node.started","payload":{"workflowId":"DPJCy9AU51B8EmOF","workflowName":"Analysis Runner","executionId":"904","nodeType":"n8n-nodes-base.if","nodeName":"If","nodeId":"0a290df2-3fc3-4f32-a879-177bc6625340"}}
{"__type":"$$EventMessageConfirm","confirm":"6a83a0b0-0667-40a4-bdc2-be5b02e42b0b","ts":"2025-12-02T10:43:10.858-05:00","source":{"id":"0","name":"eventBus"}}
{"__type":"$$EventMessageNode","id":"5ed05a8c-e97d-46cc-bb40-a00d9054c018","ts":"2025-12-02T10:43:10.869-05:00","eventName":"n8n.node.finished","message":"n8n.node.finished","payload":{"workflowId":"DPJCy9AU51B8EmOF","workflowName":"Analysis Runner","executionId":"904","nodeType":"n8n-nodes-base.if","nodeName":"If","nodeId":"0a290df2-3fc3-4f32-a879-177bc6625340"}}
{"__type":"$$EventMessageConfirm","confirm":"5ed05a8c-e97d-46cc-bb40-a00d9054c018","ts":"2025-12-02T10:43:10.869-05:00","source":{"id":"0","name":"eventBus"}}
{"__type":"$$EventMessageWorkflow","id":"a2d41d92-168a-4330-b271-376f8086ca3d","ts":"2025-12-02T10:43:10.872-05:00","eventName":"n8n.workflow.success","message":"n8n.workflow.success","payload":{"userId":"f397d667-dafd-405c-b90b-3c28ec22eed5","executionId":"904","success":true,"isManual":true,"workflowId":"DPJCy9AU51B8EmOF","workflowName":"Analysis Runner"}}
{"__type":"$$EventMessageConfirm","confirm":"a2d41d92-168a-4330-b271-376f8086ca3d","ts":"2025-12-02T10:43:10.872-05:00","source":{"id":"0","name":"eventBus"}}
{"__type":"$$EventMessageAudit","id":"e8799c00-f8e1-41a9-947c-fca22a1cc72a","ts":"2025-12-02T10:44:45.252-05:00","eventName":"n8n.audit.workflow.updated","message":"n8n.audit.workflow.updated","payload":{"userId":"f397d667-dafd-405c-b90b-3c28ec22eed5","_email":"artemvfr@gmail.com","_firstName":"Artem","_lastName":"Vdovin","globalRole":"global:owner","workflowId":"DPJCy9AU51B8EmOF","workflowName":"Analysis Runner"}}
{"__type":"$$EventMessageConfirm","confirm":"e8799c00-f8e1-41a9-947c-fca22a1cc72a","ts":"2025-12-02T10:44:45.253-05:00","source":{"id":"0","name":"eventBus"}}
{"__type":"$$EventMessageWorkflow","id":"d3631adb-80d1-4047-8b2b-57d00e83e285","ts":"2025-12-02T10:44:55.764-05:00","eventName":"n8n.workflow.started","message":"n8n.workflow.started","payload":{"executionId":"905","workflowId":"DPJCy9AU51B8EmOF","isManual":false,"workflowName":"Analysis Runner"}}
{"__type":"$$EventMessageConfirm","confirm":"d3631adb-80d1-4047-8b2b-57d00e83e285","ts":"2025-12-02T10:44:55.764-05:00","source":{"id":"0","name":"eventBus"}}
{"__type":"$$EventMessageNode","id":"f3644cd7-1fcb-43d2-ae4a-a7cf6eaf08cf","ts":"2025-12-02T10:44:55.765-05:00","eventName":"n8n.node.started","message":"n8n.node.started","payload":{"workflowId":"DPJCy9AU51B8EmOF","workflowName":"Analysis Runner","executionId":"905","nodeType":"n8n-nodes-base.executeWorkflowTrigger","nodeName":"When Executed by Another Workflow","nodeId":"d03395b8-7b5f-4bfa-9e0b-e99eda6ef776"}}
{"__type":"$$EventMessageConfirm","confirm":"f3644cd7-1fcb-43d2-ae4a-a7cf6eaf08cf","ts":"2025-12-02T10:44:55.765-05:00","source":{"id":"0","name":"eventBus"}}
{"__type":"$$EventMessageNode","id":"b83e0f90-7a05-4b76-a17b-026a156eb3f1","ts":"2025-12-02T10:44:55.766-05:00","eventName":"n8n.node.finished","message":"n8n.node.finished","payload":{"workflowId":"DPJCy9AU51B8EmOF","workflowName":"Analysis Runner","executionId":"905","nodeType":"n8n-nodes-base.executeWorkflowTrigger","nodeName":"When Executed by Another Workflow","nodeId":"d03395b8-7b5f-4bfa-9e0b-e99eda6ef776"}}
{"__type":"$$EventMessageConfirm","confirm":"b83e0f90-7a05-4b76-a17b-026a156eb3f1","ts":"2025-12-02T10:44:55.766-05:00","source":{"id":"0","name":"eventBus"}}
{"__type":"$$EventMessageNode","id":"bfc0dce8-11ae-40b0-8aad-2532003d9868","ts":"2025-12-02T10:44:55.767-05:00","eventName":"n8n.node.started","message":"n8n.node.started","payload":{"workflowId":"DPJCy9AU51B8EmOF","workflowName":"Analysis Runner","executionId":"905","nodeType":"n8n-nodes-base.httpRequest","nodeName":"HTTP Request","nodeId":"8b8129e0-3d4f-46cf-a2e1-8b6a9087a004"}}
{"__type":"$$EventMessageConfirm","confirm":"bfc0dce8-11ae-40b0-8aad-2532003d9868","ts":"2025-12-02T10:44:55.767-05:00","source":{"id":"0","name":"eventBus"}}
{"__type":"$$EventMessageNode","id":"cff92874-6fa0-4a02-b9a8-19557f1efaee","ts":"2025-12-02T10:45:01.147-05:00","eventName":"n8n.node.finished","message":"n8n.node.finished","payload":{"workflowId":"DPJCy9AU51B8EmOF","workflowName":"Analysis Runner","executionId":"905","nodeType":"n8n-nodes-base.httpRequest","nodeName":"HTTP Request","nodeId":"8b8129e0-3d4f-46cf-a2e1-8b6a9087a004"}}
{"__type":"$$EventMessageConfirm","confirm":"cff92874-6fa0-4a02-b9a8-19557f1efaee","ts":"2025-12-02T10:45:01.147-05:00","source":{"id":"0","name":"eventBus"}}
{"__type":"$$EventMessageNode","id":"73857e30-323f-462c-b64d-05f501416d13","ts":"2025-12-02T10:45:01.147-05:00","eventName":"n8n.node.started","message":"n8n.node.started","payload":{"workflowId":"DPJCy9AU51B8EmOF","workflowName":"Analysis Runner","executionId":"905","nodeType":"n8n-nodes-base.if","nodeName":"If","nodeId":"0a290df2-3fc3-4f32-a879-177bc6625340"}}
{"__type":"$$EventMessageConfirm","confirm":"73857e30-323f-462c-b64d-05f501416d13","ts":"2025-12-02T10:45:01.147-05:00","source":{"id":"0","name":"eventBus"}}
{"__type":"$$EventMessageNode","id":"114cfc2a-3c87-4d60-b380-e9daea67db32","ts":"2025-12-02T10:45:01.195-05:00","eventName":"n8n.node.finished","message":"n8n.node.finished","payload":{"workflowId":"DPJCy9AU51B8EmOF","workflowName":"Analysis Runner","executionId":"905","nodeType":"n8n-nodes-base.if","nodeName":"If","nodeId":"0a290df2-3fc3-4f32-a879-177bc6625340"}}
{"__type":"$$EventMessageConfirm","confirm":"114cfc2a-3c87-4d60-b380-e9daea67db32","ts":"2025-12-02T10:45:01.196-05:00","source":{"id":"0","name":"eventBus"}}
{"__type":"$$EventMessageWorkflow","id":"1a4ba79a-e9ba-422d-a911-1917320db160","ts":"2025-12-02T10:45:01.223-05:00","eventName":"n8n.workflow.failed","message":"n8n.workflow.failed","payload":{"userId":"f397d667-dafd-405c-b90b-3c28ec22eed5","executionId":"905","success":false,"isManual":true,"workflowId":"DPJCy9AU51B8EmOF","workflowName":"Analysis Runner","lastNodeExecuted":"If","errorNodeType":"n8n-nodes-base.if","errorMessage":"Wrong type: 'false' is a boolean but was expecting a string [condition 0, item 0]"}}
{"__type":"$$EventMessageConfirm","confirm":"1a4ba79a-e9ba-422d-a911-1917320db160","ts":"2025-12-02T10:45:01.223-05:00","source":{"id":"0","name":"eventBus"}}
{"__type":"$$EventMessageWorkflow","id":"19316e3c-f03d-4f2c-9434-dfb0a00e752d","ts":"2025-12-02T10:45:07.076-05:00","eventName":"n8n.workflow.started","message":"n8n.workflow.started","payload":{"executionId":"906","workflowId":"9mT4gmUpYQB9rgM6","isManual":false,"workflowName":"Data Collector"}}
{"__type":"$$EventMessageConfirm","confirm":"19316e3c-f03d-4f2c-9434-dfb0a00e752d","ts":"2025-12-02T10:45:07.076-05:00","source":{"id":"0","name":"eventBus"}}
{"__type":"$$EventMessageNode","id":"7a56ab94-b222-4889-a3c1-442edae090fa","ts":"2025-12-02T10:45:07.076-05:00","eventName":"n8n.node.started","message":"n8n.node.started","payload":{"workflowId":"9mT4gmUpYQB9rgM6","workflowName":"Data Collector","executionId":"906","nodeType":"n8n-nodes-base.scheduleTrigger","nodeName":"Schedule Trigger","nodeId":"73f91172-bc1a-41a9-8f04-a4f5fbe52f43"}}
{"__type":"$$EventMessageConfirm","confirm":"7a56ab94-b222-4889-a3c1-442edae090fa","ts":"2025-12-02T10:45:07.076-05:00","source":{"id":"0","name":"eventBus"}}
{"__type":"$$EventMessageNode","id":"ecca3e87-fbd6-412d-bf2e-511238b6bd1f","ts":"2025-12-02T10:45:07.077-05:00","eventName":"n8n.node.finished","message":"n8n.node.finished","payload":{"workflowId":"9mT4gmUpYQB9rgM6","workflowName":"Data Collector","executionId":"906","nodeType":"n8n-nodes-base.scheduleTrigger","nodeName":"Schedule Trigger","nodeId":"73f91172-bc1a-41a9-8f04-a4f5fbe52f43"}}
{"__type":"$$EventMessageConfirm","confirm":"ecca3e87-fbd6-412d-bf2e-511238b6bd1f","ts":"2025-12-02T10:45:07.077-05:00","source":{"id":"0","name":"eventBus"}}
{"__type":"$$EventMessageNode","id":"072e33d1-fe6f-44e0-958f-fe7b588904e2","ts":"2025-12-02T10:45:07.077-05:00","eventName":"n8n.node.started","message":"n8n.node.started","payload":{"workflowId":"9mT4gmUpYQB9rgM6","workflowName":"Data Collector","executionId":"906","nodeType":"n8n-nodes-base.httpRequest","nodeName":"Binance 15m","nodeId":"b09ea92e-1098-445c-81c5-6c964e2ae102"}}
{"__type":"$$EventMessageConfirm","confirm":"072e33d1-fe6f-44e0-958f-fe7b588904e2","ts":"2025-12-02T10:45:07.077-05:00","source":{"id":"0","name":"eventBus"}}
{"__type":"$$EventMessageNode","id":"35635921-0fcd-4d62-b385-953c90f39e64","ts":"2025-12-02T10:45:08.231-05:00","eventName":"n8n.node.finished","message":"n8n.node.finished","payload":{"workflowId":"9mT4gmUpYQB9rgM6","workflowName":"Data Collector","executionId":"906","nodeType":"n8n-nodes-base.httpRequest","nodeName":"Binance 15m","nodeId":"b09ea92e-1098-445c-81c5-6c964e2ae102"}}
{"__type":"$$EventMessageConfirm","confirm":"35635921-0fcd-4d62-b385-953c90f39e64","ts":"2025-12-02T10:45:08.231-05:00","source":{"id":"0","name":"eventBus"}}
{"__type":"$$EventMessageNode","id":"a05069b4-ee56-4f9a-af48-d3d8b73c10b0","ts":"2025-12-02T10:45:08.232-05:00","eventName":"n8n.node.started","message":"n8n.node.started","payload":{"workflowId":"9mT4gmUpYQB9rgM6","workflowName":"Data Collector","executionId":"906","nodeType":"n8n-nodes-base.code","nodeName":"Format 15m","nodeId":"625eb07d-e83d-40c7-b2fc-046bb9b271ec"}}
{"__type":"$$EventMessageConfirm","confirm":"a05069b4-ee56-4f9a-af48-d3d8b73c10b0","ts":"2025-12-02T10:45:08.232-05:00","source":{"id":"0","name":"eventBus"}}
{"__type":"$$EventMessageNode","id":"248a9a04-433b-4bcb-97a2-f8dee4be1819","ts":"2025-12-02T10:45:08.241-05:00","eventName":"n8n.node.finished","message":"n8n.node.finished","payload":{"workflowId":"9mT4gmUpYQB9rgM6","workflowName":"Data Collector","executionId":"906","nodeType":"n8n-nodes-base.code","nodeName":"Format 15m","nodeId":"625eb07d-e83d-40c7-b2fc-046bb9b271ec"}}
{"__type":"$$EventMessageConfirm","confirm":"248a9a04-433b-4bcb-97a2-f8dee4be1819","ts":"2025-12-02T10:45:08.242-05:00","source":{"id":"0","name":"eventBus"}}
{"__type":"$$EventMessageNode","id":"0251ca18-d18d-41e8-90d7-111420cc8968","ts":"2025-12-02T10:45:08.242-05:00","eventName":"n8n.node.started","message":"n8n.node.started","payload":{"workflowId":"9mT4gmUpYQB9rgM6","workflowName":"Data Collector","executionId":"906","nodeType":"n8n-nodes-base.postgres","nodeName":"Postgres 15m","nodeId":"da99bc2f-a065-4e78-aa73-118ba1b4ad7f"}}
{"__type":"$$EventMessageConfirm","confirm":"0251ca18-d18d-41e8-90d7-111420cc8968","ts":"2025-12-02T10:45:08.242-05:00","source":{"id":"0","name":"eventBus"}}
{"__type":"$$EventMessageNode","id":"d312a2d3-d0aa-4d4d-a3e1-d1cb334a0b29","ts":"2025-12-02T10:45:08.355-05:00","eventName":"n8n.node.finished","message":"n8n.node.finished","payload":{"workflowId":"9mT4gmUpYQB9rgM6","workflowName":"Data Collector","executionId":"906","nodeType":"n8n-nodes-base.postgres","nodeName":"Postgres 15m","nodeId":"da99bc2f-a065-4e78-aa73-118ba1b4ad7f"}}
{"__type":"$$EventMessageConfirm","confirm":"d312a2d3-d0aa-4d4d-a3e1-d1cb334a0b29","ts":"2025-12-02T10:45:08.355-05:00","source":{"id":"0","name":"eventBus"}}
{"__type":"$$EventMessageNode","id":"9dba70ca-7ac2-4f6a-ada7-e20775f98dbd","ts":"2025-12-02T10:45:08.356-05:00","eventName":"n8n.node.started","message":"n8n.node.started","payload":{"workflowId":"9mT4gmUpYQB9rgM6","workflowName":"Data Collector","executionId":"906","nodeType":"n8n-nodes-base.httpRequest","nodeName":"Binance 1h","nodeId":"8bec9cda-be5d-4eab-a4e0-bc2e617164cb"}}
{"__type":"$$EventMessageConfirm","confirm":"9dba70ca-7ac2-4f6a-ada7-e20775f98dbd","ts":"2025-12-02T10:45:08.356-05:00","source":{"id":"0","name":"eventBus"}}
{"__type":"$$EventMessageNode","id":"85a01cfb-1351-4828-961c-ab5bdf3c1c24","ts":"2025-12-02T10:45:09.436-05:00","eventName":"n8n.node.finished","message":"n8n.node.finished","payload":{"workflowId":"9mT4gmUpYQB9rgM6","workflowName":"Data Collector","executionId":"906","nodeType":"n8n-nodes-base.httpRequest","nodeName":"Binance 1h","nodeId":"8bec9cda-be5d-4eab-a4e0-bc2e617164cb"}}
{"__type":"$$EventMessageConfirm","confirm":"85a01cfb-1351-4828-961c-ab5bdf3c1c24","ts":"2025-12-02T10:45:09.437-05:00","source":{"id":"0","name":"eventBus"}}
{"__type":"$$EventMessageNode","id":"3cd80aaf-665b-4a8c-ba12-02d2348db3e9","ts":"2025-12-02T10:45:09.437-05:00","eventName":"n8n.node.started","message":"n8n.node.started","payload":{"workflowId":"9mT4gmUpYQB9rgM6","workflowName":"Data Collector","executionId":"906","nodeType":"n8n-nodes-base.code","nodeName":"Format 1h","nodeId":"1c4d23bf-3588-4bbc-9acf-7e4a9a80e11a"}}
{"__type":"$$EventMessageConfirm","confirm":"3cd80aaf-665b-4a8c-ba12-02d2348db3e9","ts":"2025-12-02T10:45:09.437-05:00","source":{"id":"0","name":"eventBus"}}
{"__type":"$$EventMessageNode","id":"7139b5b1-ac16-4ec6-81ff-90c4d9bf05e4","ts":"2025-12-02T10:45:09.447-05:00","eventName":"n8n.node.finished","message":"n8n.node.finished","payload":{"workflowId":"9mT4gmUpYQB9rgM6","workflowName":"Data Collector","executionId":"906","nodeType":"n8n-nodes-base.code","nodeName":"Format 1h","nodeId":"1c4d23bf-3588-4bbc-9acf-7e4a9a80e11a"}}
{"__type":"$$EventMessageConfirm","confirm":"7139b5b1-ac16-4ec6-81ff-90c4d9bf05e4","ts":"2025-12-02T10:45:09.447-05:00","source":{"id":"0","name":"eventBus"}}
{"__type":"$$EventMessageNode","id":"35fc49b0-1c10-46a6-919d-26861d7bf543","ts":"2025-12-02T10:45:09.447-05:00","eventName":"n8n.node.started","message":"n8n.node.started","payload":{"workflowId":"9mT4gmUpYQB9rgM6","workflowName":"Data Collector","executionId":"906","nodeType":"n8n-nodes-base.postgres","nodeName":"Postgres 1h","nodeId":"f2bc066b-46a2-45b2-95eb-7a50e8d99543"}}
{"__type":"$$EventMessageConfirm","confirm":"35fc49b0-1c10-46a6-919d-26861d7bf543","ts":"2025-12-02T10:45:09.447-05:00","source":{"id":"0","name":"eventBus"}}
{"__type":"$$EventMessageNode","id":"25ba1a68-4adc-44b8-91c0-0653d11788ca","ts":"2025-12-02T10:45:09.464-05:00","eventName":"n8n.node.finished","message":"n8n.node.finished","payload":{"workflowId":"9mT4gmUpYQB9rgM6","workflowName":"Data Collector","executionId":"906","nodeType":"n8n-nodes-base.postgres","nodeName":"Postgres 1h","nodeId":"f2bc066b-46a2-45b2-95eb-7a50e8d99543"}}
{"__type":"$$EventMessageConfirm","confirm":"25ba1a68-4adc-44b8-91c0-0653d11788ca","ts":"2025-12-02T10:45:09.464-05:00","source":{"id":"0","name":"eventBus"}}
{"__type":"$$EventMessageNode","id":"6777fd15-0ac2-4d69-b636-0c8c9be36ef3","ts":"2025-12-02T10:45:09.465-05:00","eventName":"n8n.node.started","message":"n8n.node.started","payload":{"workflowId":"9mT4gmUpYQB9rgM6","workflowName":"Data Collector","executionId":"906","nodeType":"n8n-nodes-base.httpRequest","nodeName":"Binance 4h","nodeId":"95a6a5da-8f8b-4b58-8dab-44ec8b98308a"}}
{"__type":"$$EventMessageConfirm","confirm":"6777fd15-0ac2-4d69-b636-0c8c9be36ef3","ts":"2025-12-02T10:45:09.465-05:00","source":{"id":"0","name":"eventBus"}}
{"__type":"$$EventMessageNode","id":"9fd9c7f0-8f21-4bc9-a0d9-c821744bdf21","ts":"2025-12-02T10:45:10.877-05:00","eventName":"n8n.node.finished","message":"n8n.node.finished","payload":{"workflowId":"9mT4gmUpYQB9rgM6","workflowName":"Data Collector","executionId":"906","nodeType":"n8n-nodes-base.httpRequest","nodeName":"Binance 4h","nodeId":"95a6a5da-8f8b-4b58-8dab-44ec8b98308a"}}
{"__type":"$$EventMessageConfirm","confirm":"9fd9c7f0-8f21-4bc9-a0d9-c821744bdf21","ts":"2025-12-02T10:45:10.877-05:00","source":{"id":"0","name":"eventBus"}}
{"__type":"$$EventMessageNode","id":"b95bf664-9cc0-4498-aa01-132663d46df2","ts":"2025-12-02T10:45:10.878-05:00","eventName":"n8n.node.started","message":"n8n.node.started","payload":{"workflowId":"9mT4gmUpYQB9rgM6","workflowName":"Data Collector","executionId":"906","nodeType":"n8n-nodes-base.code","nodeName":"Format 4h","nodeId":"69fdcb77-35f6-4aa0-a799-d5069dd89cc4"}}
{"__type":"$$EventMessageConfirm","confirm":"b95bf664-9cc0-4498-aa01-132663d46df2","ts":"2025-12-02T10:45:10.878-05:00","source":{"id":"0","name":"eventBus"}}
{"__type":"$$EventMessageNode","id":"20dfa0ca-c4eb-459f-a88d-9721f2db59a3","ts":"2025-12-02T10:45:10.885-05:00","eventName":"n8n.node.finished","message":"n8n.node.finished","payload":{"workflowId":"9mT4gmUpYQB9rgM6","workflowName":"Data Collector","executionId":"906","nodeType":"n8n-nodes-base.code","nodeName":"Format 4h","nodeId":"69fdcb77-35f6-4aa0-a799-d5069dd89cc4"}}
{"__type":"$$EventMessageConfirm","confirm":"20dfa0ca-c4eb-459f-a88d-9721f2db59a3","ts":"2025-12-02T10:45:10.886-05:00","source":{"id":"0","name":"eventBus"}}
{"__type":"$$EventMessageNode","id":"f48a081c-633e-4dae-b24f-edf313f7723c","ts":"2025-12-02T10:45:10.886-05:00","eventName":"n8n.node.started","message":"n8n.node.started","payload":{"workflowId":"9mT4gmUpYQB9rgM6","workflowName":"Data Collector","executionId":"906","nodeType":"n8n-nodes-base.postgres","nodeName":"Postgres 4h","nodeId":"93addf01-4665-4e26-9e5a-e44e7b07e763"}}
{"__type":"$$EventMessageConfirm","confirm":"f48a081c-633e-4dae-b24f-edf313f7723c","ts":"2025-12-02T10:45:10.886-05:00","source":{"id":"0","name":"eventBus"}}
{"__type":"$$EventMessageNode","id":"86a579ea-53fa-4b07-9dcb-03414f120092","ts":"2025-12-02T10:45:10.909-05:00","eventName":"n8n.node.finished","message":"n8n.node.finished","payload":{"workflowId":"9mT4gmUpYQB9rgM6","workflowName":"Data Collector","executionId":"906","nodeType":"n8n-nodes-base.postgres","nodeName":"Postgres 4h","nodeId":"93addf01-4665-4e26-9e5a-e44e7b07e763"}}
{"__type":"$$EventMessageConfirm","confirm":"86a579ea-53fa-4b07-9dcb-03414f120092","ts":"2025-12-02T10:45:10.909-05:00","source":{"id":"0","name":"eventBus"}}
{"__type":"$$EventMessageNode","id":"80c50d70-9e94-4055-acdf-4a44b4f1275e","ts":"2025-12-02T10:45:10.909-05:00","eventName":"n8n.node.started","message":"n8n.node.started","payload":{"workflowId":"9mT4gmUpYQB9rgM6","workflowName":"Data Collector","executionId":"906","nodeType":"n8n-nodes-base.httpRequest","nodeName":"Binance 1D","nodeId":"0b1eb67d-a44b-4b3e-a756-911bb8746306"}}
{"__type":"$$EventMessageConfirm","confirm":"80c50d70-9e94-4055-acdf-4a44b4f1275e","ts":"2025-12-02T10:45:10.909-05:00","source":{"id":"0","name":"eventBus"}}
{"__type":"$$EventMessageNode","id":"6f48de38-9bbf-440e-bc2e-c38ec6fc65b2","ts":"2025-12-02T10:45:12.104-05:00","eventName":"n8n.node.finished","message":"n8n.node.finished","payload":{"workflowId":"9mT4gmUpYQB9rgM6","workflowName":"Data Collector","executionId":"906","nodeType":"n8n-nodes-base.httpRequest","nodeName":"Binance 1D","nodeId":"0b1eb67d-a44b-4b3e-a756-911bb8746306"}}
{"__type":"$$EventMessageConfirm","confirm":"6f48de38-9bbf-440e-bc2e-c38ec6fc65b2","ts":"2025-12-02T10:45:12.104-05:00","source":{"id":"0","name":"eventBus"}}
{"__type":"$$EventMessageNode","id":"eb523123-58a2-42f3-8d90-85079631f172","ts":"2025-12-02T10:45:12.105-05:00","eventName":"n8n.node.started","message":"n8n.node.started","payload":{"workflowId":"9mT4gmUpYQB9rgM6","workflowName":"Data Collector","executionId":"906","nodeType":"n8n-nodes-base.code","nodeName":"Format 1D","nodeId":"8e99993d-3d6b-441e-8c25-bb7b3d7391fa"}}
{"__type":"$$EventMessageConfirm","confirm":"eb523123-58a2-42f3-8d90-85079631f172","ts":"2025-12-02T10:45:12.105-05:00","source":{"id":"0","name":"eventBus"}}
{"__type":"$$EventMessageNode","id":"e7de3bf4-0f10-40c9-9de7-6ed2632fba77","ts":"2025-12-02T10:45:12.114-05:00","eventName":"n8n.node.finished","message":"n8n.node.finished","payload":{"workflowId":"9mT4gmUpYQB9rgM6","workflowName":"Data Collector","executionId":"906","nodeType":"n8n-nodes-base.code","nodeName":"Format 1D","nodeId":"8e99993d-3d6b-441e-8c25-bb7b3d7391fa"}}
{"__type":"$$EventMessageConfirm","confirm":"e7de3bf4-0f10-40c9-9de7-6ed2632fba77","ts":"2025-12-02T10:45:12.114-05:00","source":{"id":"0","name":"eventBus"}}
{"__type":"$$EventMessageNode","id":"e257d724-3d5e-4ccd-8f24-46e61d04e9a0","ts":"2025-12-02T10:45:12.114-05:00","eventName":"n8n.node.started","message":"n8n.node.started","payload":{"workflowId":"9mT4gmUpYQB9rgM6","workflowName":"Data Collector","executionId":"906","nodeType":"n8n-nodes-base.postgres","nodeName":"Insert or update rows in a table","nodeId":"d10764f2-3370-4d43-b5af-6f4f45f02235"}}
{"__type":"$$EventMessageConfirm","confirm":"e257d724-3d5e-4ccd-8f24-46e61d04e9a0","ts":"2025-12-02T10:45:12.114-05:00","source":{"id":"0","name":"eventBus"}}
{"__type":"$$EventMessageNode","id":"6274cbea-7bd9-4d2d-a435-57d236269ec9","ts":"2025-12-02T10:45:12.131-05:00","eventName":"n8n.node.finished","message":"n8n.node.finished","payload":{"workflowId":"9mT4gmUpYQB9rgM6","workflowName":"Data Collector","executionId":"906","nodeType":"n8n-nodes-base.postgres","nodeName":"Insert or update rows in a table","nodeId":"d10764f2-3370-4d43-b5af-6f4f45f02235"}}
{"__type":"$$EventMessageConfirm","confirm":"6274cbea-7bd9-4d2d-a435-57d236269ec9","ts":"2025-12-02T10:45:12.131-05:00","source":{"id":"0","name":"eventBus"}}
{"__type":"$$EventMessageNode","id":"aa0ae11b-b44f-45f4-a6dc-a88373608c4d","ts":"2025-12-02T10:45:12.131-05:00","eventName":"n8n.node.started","message":"n8n.node.started","payload":{"workflowId":"9mT4gmUpYQB9rgM6","workflowName":"Data Collector","executionId":"906","nodeType":"n8n-nodes-base.httpRequest","nodeName":"Fear & Greed","nodeId":"d47426aa-a694-488c-8307-f42a92d06848"}}
{"__type":"$$EventMessageConfirm","confirm":"aa0ae11b-b44f-45f4-a6dc-a88373608c4d","ts":"2025-12-02T10:45:12.131-05:00","source":{"id":"0","name":"eventBus"}}
{"__type":"$$EventMessageNode","id":"c28ca144-f063-4db1-9ce7-0f2fc5697e58","ts":"2025-12-02T10:45:12.791-05:00","eventName":"n8n.node.finished","message":"n8n.node.finished","payload":{"workflowId":"9mT4gmUpYQB9rgM6","workflowName":"Data Collector","executionId":"906","nodeType":"n8n-nodes-base.httpRequest","nodeName":"Fear & Greed","nodeId":"d47426aa-a694-488c-8307-f42a92d06848"}}
{"__type":"$$EventMessageConfirm","confirm":"c28ca144-f063-4db1-9ce7-0f2fc5697e58","ts":"2025-12-02T10:45:12.791-05:00","source":{"id":"0","name":"eventBus"}}
{"__type":"$$EventMessageNode","id":"9b20ad94-2920-47f8-b2aa-a1d0e4fb18d8","ts":"2025-12-02T10:45:12.791-05:00","eventName":"n8n.node.started","message":"n8n.node.started","payload":{"workflowId":"9mT4gmUpYQB9rgM6","workflowName":"Data Collector","executionId":"906","nodeType":"n8n-nodes-base.httpRequest","nodeName":"Funding Rate","nodeId":"9611f82d-845b-4aa8-a032-f61640547f25"}}
{"__type":"$$EventMessageConfirm","confirm":"9b20ad94-2920-47f8-b2aa-a1d0e4fb18d8","ts":"2025-12-02T10:45:12.791-05:00","source":{"id":"0","name":"eventBus"}}
{"__type":"$$EventMessageNode","id":"2d7692d7-a0ae-4700-9b01-87a7b24b95e8","ts":"2025-12-02T10:45:14.023-05:00","eventName":"n8n.node.finished","message":"n8n.node.finished","payload":{"workflowId":"9mT4gmUpYQB9rgM6","workflowName":"Data Collector","executionId":"906","nodeType":"n8n-nodes-base.httpRequest","nodeName":"Funding Rate","nodeId":"9611f82d-845b-4aa8-a032-f61640547f25"}}
{"__type":"$$EventMessageConfirm","confirm":"2d7692d7-a0ae-4700-9b01-87a7b24b95e8","ts":"2025-12-02T10:45:14.023-05:00","source":{"id":"0","name":"eventBus"}}
{"__type":"$$EventMessageNode","id":"b407b585-561d-4fe5-ba25-f588f87d4daa","ts":"2025-12-02T10:45:14.023-05:00","eventName":"n8n.node.started","message":"n8n.node.started","payload":{"workflowId":"9mT4gmUpYQB9rgM6","workflowName":"Data Collector","executionId":"906","nodeType":"n8n-nodes-base.httpRequest","nodeName":"Long/Short Ratio","nodeId":"9986fcbf-9dce-4ffe-b6b9-d05de6d7adbb"}}
{"__type":"$$EventMessageConfirm","confirm":"b407b585-561d-4fe5-ba25-f588f87d4daa","ts":"2025-12-02T10:45:14.023-05:00","source":{"id":"0","name":"eventBus"}}
{"__type":"$$EventMessageNode","id":"d09a1182-c198-4e60-984a-8de29450a2af","ts":"2025-12-02T10:45:15.196-05:00","eventName":"n8n.node.finished","message":"n8n.node.finished","payload":{"workflowId":"9mT4gmUpYQB9rgM6","workflowName":"Data Collector","executionId":"906","nodeType":"n8n-nodes-base.httpRequest","nodeName":"Long/Short Ratio","nodeId":"9986fcbf-9dce-4ffe-b6b9-d05de6d7adbb"}}
{"__type":"$$EventMessageConfirm","confirm":"d09a1182-c198-4e60-984a-8de29450a2af","ts":"2025-12-02T10:45:15.196-05:00","source":{"id":"0","name":"eventBus"}}
{"__type":"$$EventMessageNode","id":"335bc8f6-cae5-4353-ab6b-2c8446feb287","ts":"2025-12-02T10:45:15.196-05:00","eventName":"n8n.node.started","message":"n8n.node.started","payload":{"workflowId":"9mT4gmUpYQB9rgM6","workflowName":"Data Collector","executionId":"906","nodeType":"n8n-nodes-base.httpRequest","nodeName":"Open Interest","nodeId":"0e57a17a-3b1c-4e01-8d56-e75aaa07a704"}}
{"__type":"$$EventMessageConfirm","confirm":"335bc8f6-cae5-4353-ab6b-2c8446feb287","ts":"2025-12-02T10:45:15.196-05:00","source":{"id":"0","name":"eventBus"}}
{"__type":"$$EventMessageNode","id":"88b5cd53-b81e-481a-a756-abc4a1d21462","ts":"2025-12-02T10:45:16.261-05:00","eventName":"n8n.node.finished","message":"n8n.node.finished","payload":{"workflowId":"9mT4gmUpYQB9rgM6","workflowName":"Data Collector","executionId":"906","nodeType":"n8n-nodes-base.httpRequest","nodeName":"Open Interest","nodeId":"0e57a17a-3b1c-4e01-8d56-e75aaa07a704"}}
{"__type":"$$EventMessageConfirm","confirm":"88b5cd53-b81e-481a-a756-abc4a1d21462","ts":"2025-12-02T10:45:16.261-05:00","source":{"id":"0","name":"eventBus"}}
{"__type":"$$EventMessageNode","id":"5a446265-8e2c-4038-ae9b-a6f7cc2dc426","ts":"2025-12-02T10:45:16.261-05:00","eventName":"n8n.node.started","message":"n8n.node.started","payload":{"workflowId":"9mT4gmUpYQB9rgM6","workflowName":"Data Collector","executionId":"906","nodeType":"n8n-nodes-base.merge","nodeName":"Merge","nodeId":"83a3737f-42bc-4f12-9a88-54ee401fb00d"}}
{"__type":"$$EventMessageConfirm","confirm":"5a446265-8e2c-4038-ae9b-a6f7cc2dc426","ts":"2025-12-02T10:45:16.261-05:00","source":{"id":"0","name":"eventBus"}}
{"__type":"$$EventMessageNode","id":"2f61604f-d246-42ea-9ef3-8abf5fdac8ca","ts":"2025-12-02T10:45:16.265-05:00","eventName":"n8n.node.finished","message":"n8n.node.finished","payload":{"workflowId":"9mT4gmUpYQB9rgM6","workflowName":"Data Collector","executionId":"906","nodeType":"n8n-nodes-base.merge","nodeName":"Merge","nodeId":"83a3737f-42bc-4f12-9a88-54ee401fb00d"}}
{"__type":"$$EventMessageConfirm","confirm":"2f61604f-d246-42ea-9ef3-8abf5fdac8ca","ts":"2025-12-02T10:45:16.265-05:00","source":{"id":"0","name":"eventBus"}}
{"__type":"$$EventMessageNode","id":"c06dcfcd-d0ba-4b0e-868c-949407880279","ts":"2025-12-02T10:45:16.265-05:00","eventName":"n8n.node.started","message":"n8n.node.started","payload":{"workflowId":"9mT4gmUpYQB9rgM6","workflowName":"Data Collector","executionId":"906","nodeType":"n8n-nodes-base.code","nodeName":"Merge Sentiment","nodeId":"379ff3e8-f900-4039-a43d-2d17b74e58c6"}}
{"__type":"$$EventMessageConfirm","confirm":"c06dcfcd-d0ba-4b0e-868c-949407880279","ts":"2025-12-02T10:45:16.265-05:00","source":{"id":"0","name":"eventBus"}}
{"__type":"$$EventMessageNode","id":"d0110ffb-dda3-49d9-9016-c0f01cce315c","ts":"2025-12-02T10:45:16.275-05:00","eventName":"n8n.node.finished","message":"n8n.node.finished","payload":{"workflowId":"9mT4gmUpYQB9rgM6","workflowName":"Data Collector","executionId":"906","nodeType":"n8n-nodes-base.code","nodeName":"Merge Sentiment","nodeId":"379ff3e8-f900-4039-a43d-2d17b74e58c6"}}
{"__type":"$$EventMessageConfirm","confirm":"d0110ffb-dda3-49d9-9016-c0f01cce315c","ts":"2025-12-02T10:45:16.275-05:00","source":{"id":"0","name":"eventBus"}}
{"__type":"$$EventMessageNode","id":"281375f2-1fe6-47c8-be10-45f57baa276c","ts":"2025-12-02T10:45:16.275-05:00","eventName":"n8n.node.started","message":"n8n.node.started","payload":{"workflowId":"9mT4gmUpYQB9rgM6","workflowName":"Data Collector","executionId":"906","nodeType":"n8n-nodes-base.postgres","nodeName":"Postgres Sentiment","nodeId":"5d1a9c2b-416f-4b1a-b788-fe6bcb470c47"}}
{"__type":"$$EventMessageConfirm","confirm":"281375f2-1fe6-47c8-be10-45f57baa276c","ts":"2025-12-02T10:45:16.275-05:00","source":{"id":"0","name":"eventBus"}}
{"__type":"$$EventMessageNode","id":"1bfd0dc2-b3bb-45a3-90f7-bfa47cc0e698","ts":"2025-12-02T10:45:16.288-05:00","eventName":"n8n.node.finished","message":"n8n.node.finished","payload":{"workflowId":"9mT4gmUpYQB9rgM6","workflowName":"Data Collector","executionId":"906","nodeType":"n8n-nodes-base.postgres","nodeName":"Postgres Sentiment","nodeId":"5d1a9c2b-416f-4b1a-b788-fe6bcb470c47"}}
{"__type":"$$EventMessageConfirm","confirm":"1bfd0dc2-b3bb-45a3-90f7-bfa47cc0e698","ts":"2025-12-02T10:45:16.288-05:00","source":{"id":"0","name":"eventBus"}}
{"__type":"$$EventMessageNode","id":"1d23fd38-8d3c-447e-bc43-25464f052102","ts":"2025-12-02T10:45:16.288-05:00","eventName":"n8n.node.started","message":"n8n.node.started","payload":{"workflowId":"9mT4gmUpYQB9rgM6","workflowName":"Data Collector","executionId":"906","nodeType":"n8n-nodes-base.merge","nodeName":"Merge1","nodeId":"84f31ee6-c47b-4f98-ba01-15d315557044"}}
{"__type":"$$EventMessageConfirm","confirm":"1d23fd38-8d3c-447e-bc43-25464f052102","ts":"2025-12-02T10:45:16.288-05:00","source":{"id":"0","name":"eventBus"}}
{"__type":"$$EventMessageNode","id":"a756863a-d4f1-46f3-a72c-5dcb20171d85","ts":"2025-12-02T10:45:16.289-05:00","eventName":"n8n.node.finished","message":"n8n.node.finished","payload":{"workflowId":"9mT4gmUpYQB9rgM6","workflowName":"Data Collector","executionId":"906","nodeType":"n8n-nodes-base.merge","nodeName":"Merge1","nodeId":"84f31ee6-c47b-4f98-ba01-15d315557044"}}
{"__type":"$$EventMessageConfirm","confirm":"a756863a-d4f1-46f3-a72c-5dcb20171d85","ts":"2025-12-02T10:45:16.289-05:00","source":{"id":"0","name":"eventBus"}}
{"__type":"$$EventMessageNode","id":"639bb17e-6e08-4772-ad86-68e17d60adac","ts":"2025-12-02T10:45:16.289-05:00","eventName":"n8n.node.started","message":"n8n.node.started","payload":{"workflowId":"9mT4gmUpYQB9rgM6","workflowName":"Data Collector","executionId":"906","nodeType":"n8n-nodes-base.executeWorkflow","nodeName":"Call 'Analysis Runner'","nodeId":"92405cb4-39f2-4104-8551-e99898593b50"}}
{"__type":"$$EventMessageConfirm","confirm":"639bb17e-6e08-4772-ad86-68e17d60adac","ts":"2025-12-02T10:45:16.289-05:00","source":{"id":"0","name":"eventBus"}}
{"__type":"$$EventMessageWorkflow","id":"7232a187-8121-4446-9b70-e31a065ccd46","ts":"2025-12-02T10:45:16.310-05:00","eventName":"n8n.workflow.started","message":"n8n.workflow.started","payload":{"executionId":"907","workflowId":"DPJCy9AU51B8EmOF","isManual":false,"workflowName":"Analysis Runner"}}
{"__type":"$$EventMessageConfirm","confirm":"7232a187-8121-4446-9b70-e31a065ccd46","ts":"2025-12-02T10:45:16.310-05:00","source":{"id":"0","name":"eventBus"}}
{"__type":"$$EventMessageNode","id":"3b60b083-924b-4662-a576-bd28f7793f71","ts":"2025-12-02T10:45:16.310-05:00","eventName":"n8n.node.started","message":"n8n.node.started","payload":{"workflowId":"DPJCy9AU51B8EmOF","workflowName":"Analysis Runner","executionId":"907","nodeType":"n8n-nodes-base.executeWorkflowTrigger","nodeName":"When Executed by Another Workflow","nodeId":"d03395b8-7b5f-4bfa-9e0b-e99eda6ef776"}}
{"__type":"$$EventMessageConfirm","confirm":"3b60b083-924b-4662-a576-bd28f7793f71","ts":"2025-12-02T10:45:16.310-05:00","source":{"id":"0","name":"eventBus"}}
{"__type":"$$EventMessageNode","id":"0070a3dc-0d4b-44ae-9361-8680cfd8c4cf","ts":"2025-12-02T10:45:16.310-05:00","eventName":"n8n.node.finished","message":"n8n.node.finished","payload":{"workflowId":"DPJCy9AU51B8EmOF","workflowName":"Analysis Runner","executionId":"907","nodeType":"n8n-nodes-base.executeWorkflowTrigger","nodeName":"When Executed by Another Workflow","nodeId":"d03395b8-7b5f-4bfa-9e0b-e99eda6ef776"}}
{"__type":"$$EventMessageConfirm","confirm":"0070a3dc-0d4b-44ae-9361-8680cfd8c4cf","ts":"2025-12-02T10:45:16.310-05:00","source":{"id":"0","name":"eventBus"}}
{"__type":"$$EventMessageNode","id":"87e6f5b0-5177-4adf-ae73-369d06803702","ts":"2025-12-02T10:45:16.310-05:00","eventName":"n8n.node.started","message":"n8n.node.started","payload":{"workflowId":"DPJCy9AU51B8EmOF","workflowName":"Analysis Runner","executionId":"907","nodeType":"n8n-nodes-base.httpRequest","nodeName":"HTTP Request","nodeId":"8b8129e0-3d4f-46cf-a2e1-8b6a9087a004"}}
{"__type":"$$EventMessageConfirm","confirm":"87e6f5b0-5177-4adf-ae73-369d06803702","ts":"2025-12-02T10:45:16.310-05:00","source":{"id":"0","name":"eventBus"}}
{"__type":"$$EventMessageNode","id":"f56dcf1c-67ce-4534-9a9b-7a221c4bdc05","ts":"2025-12-02T10:45:20.664-05:00","eventName":"n8n.node.finished","message":"n8n.node.finished","payload":{"workflowId":"DPJCy9AU51B8EmOF","workflowName":"Analysis Runner","executionId":"907","nodeType":"n8n-nodes-base.httpRequest","nodeName":"HTTP Request","nodeId":"8b8129e0-3d4f-46cf-a2e1-8b6a9087a004"}}
{"__type":"$$EventMessageConfirm","confirm":"f56dcf1c-67ce-4534-9a9b-7a221c4bdc05","ts":"2025-12-02T10:45:20.664-05:00","source":{"id":"0","name":"eventBus"}}
{"__type":"$$EventMessageNode","id":"7506f401-1f7e-454a-aba5-3bd1ec16fdd7","ts":"2025-12-02T10:45:20.664-05:00","eventName":"n8n.node.started","message":"n8n.node.started","payload":{"workflowId":"DPJCy9AU51B8EmOF","workflowName":"Analysis Runner","executionId":"907","nodeType":"n8n-nodes-base.if","nodeName":"If","nodeId":"0a290df2-3fc3-4f32-a879-177bc6625340"}}
{"__type":"$$EventMessageConfirm","confirm":"7506f401-1f7e-454a-aba5-3bd1ec16fdd7","ts":"2025-12-02T10:45:20.665-05:00","source":{"id":"0","name":"eventBus"}}
{"__type":"$$EventMessageNode","id":"299bcda2-1879-4a7e-b816-a81a67ba7d01","ts":"2025-12-02T10:45:20.669-05:00","eventName":"n8n.node.finished","message":"n8n.node.finished","payload":{"workflowId":"DPJCy9AU51B8EmOF","workflowName":"Analysis Runner","executionId":"907","nodeType":"n8n-nodes-base.if","nodeName":"If","nodeId":"0a290df2-3fc3-4f32-a879-177bc6625340"}}
{"__type":"$$EventMessageConfirm","confirm":"299bcda2-1879-4a7e-b816-a81a67ba7d01","ts":"2025-12-02T10:45:20.669-05:00","source":{"id":"0","name":"eventBus"}}
{"__type":"$$EventMessageWorkflow","id":"00677a41-17ad-41bb-aeaa-9dd15be8df70","ts":"2025-12-02T10:45:20.670-05:00","eventName":"n8n.workflow.failed","message":"n8n.workflow.failed","payload":{"executionId":"907","success":false,"isManual":false,"workflowId":"DPJCy9AU51B8EmOF","workflowName":"Analysis Runner","lastNodeExecuted":"If","errorNodeType":"n8n-nodes-base.if","errorMessage":"Wrong type: 'false' is a boolean but was expecting a string [condition 0, item 0]"}}
{"__type":"$$EventMessageConfirm","confirm":"00677a41-17ad-41bb-aeaa-9dd15be8df70","ts":"2025-12-02T10:45:20.670-05:00","source":{"id":"0","name":"eventBus"}}
{"__type":"$$EventMessageNode","id":"8081393b-642f-481e-870d-befa642f7b2a","ts":"2025-12-02T10:45:20.680-05:00","eventName":"n8n.node.finished","message":"n8n.node.finished","payload":{"workflowId":"9mT4gmUpYQB9rgM6","workflowName":"Data Collector","executionId":"906","nodeType":"n8n-nodes-base.executeWorkflow","nodeName":"Call 'Analysis Runner'","nodeId":"92405cb4-39f2-4104-8551-e99898593b50"}}
{"__type":"$$EventMessageConfirm","confirm":"8081393b-642f-481e-870d-befa642f7b2a","ts":"2025-12-02T10:45:20.680-05:00","source":{"id":"0","name":"eventBus"}}
{"__type":"$$EventMessageWorkflow","id":"5101921a-84dd-4a25-a06c-a9677e187ae8","ts":"2025-12-02T10:45:20.680-05:00","eventName":"n8n.workflow.failed","message":"n8n.workflow.failed","payload":{"executionId":"906","success":false,"isManual":false,"workflowId":"9mT4gmUpYQB9rgM6","workflowName":"Data Collector","lastNodeExecuted":"Call 'Analysis Runner'","errorNodeType":"n8n-nodes-base.if","errorMessage":"Wrong type: 'false' is a boolean but was expecting a string [condition 0, item 0]"}}
{"__type":"$$EventMessageConfirm","confirm":"5101921a-84dd-4a25-a06c-a9677e187ae8","ts":"2025-12-02T10:45:20.680-05:00","source":{"id":"0","name":"eventBus"}}
